  Box.cpp
C:\Users\Academy\Documents\GitHub\Sorter\Sorter2\Sorter2\Sorter2\Box.cpp(19,28): warning C4244: аргумент: преобразование "float" в "int", возможна потеря данных
C:\Users\Academy\Documents\GitHub\Sorter\Sorter2\Sorter2\Sorter2\Box.cpp(19,21): warning C4244: аргумент: преобразование "float" в "int", возможна потеря данных
C:\Users\Academy\Documents\GitHub\Sorter\Sorter2\Sorter2\Sorter2\Box.cpp(22,28): warning C4244: аргумент: преобразование "float" в "int", возможна потеря данных
C:\Users\Academy\Documents\GitHub\Sorter\Sorter2\Sorter2\Sorter2\Box.cpp(22,21): warning C4244: аргумент: преобразование "float" в "int", возможна потеря данных
C:\Users\Academy\Documents\GitHub\Sorter\Sorter2\Sorter2\Sorter2\Box.cpp(25,26): warning C4244: аргумент: преобразование "float" в "int", возможна потеря данных
C:\Users\Academy\Documents\GitHub\Sorter\Sorter2\Sorter2\Sorter2\Box.cpp(25,20): warning C4244: аргумент: преобразование "float" в "int", возможна потеря данных
  Game.cpp
C:\Users\Academy\Documents\GitHub\Sorter\Sorter2\Sorter2\Sorter2\Box.h(14,20): error C2504: Loaders: не определен базовый класс
  Loaders.cpp
C:\Users\Academy\Documents\GitHub\Sorter\Sorter2\Sorter2\Sorter2\Box.h(14,20): error C2504: Loaders: не определен базовый класс
C:\Users\Academy\Documents\GitHub\Sorter\Sorter2\Sorter2\Sorter2\Loaders.cpp(17,33): warning C4244: аргумент: преобразование "float" в "int", возможна потеря данных
C:\Users\Academy\Documents\GitHub\Sorter\Sorter2\Sorter2\Sorter2\Loaders.cpp(17,22): warning C4244: аргумент: преобразование "float" в "int", возможна потеря данных
C:\Users\Academy\Documents\GitHub\Sorter\Sorter2\Sorter2\Sorter2\Loaders.cpp(39,35): warning C4244: =: преобразование "int" в "float", возможна потеря данных
C:\Users\Academy\Documents\GitHub\Sorter\Sorter2\Sorter2\Sorter2\Loaders.cpp(40,43): warning C4244: =: преобразование "int" в "float", возможна потеря данных
  Sorter2.cpp
C:\Users\Academy\Documents\GitHub\Sorter\Sorter2\Sorter2\Sorter2\Box.h(14,20): error C2504: Loaders: не определен базовый класс
C:\Users\Academy\Documents\GitHub\Sorter\Sorter2\Sorter2\Sorter2\Sorter2.cpp(231,26): warning C4244: аргумент: преобразование "const float" в "int", возможна потеря данных
C:\Users\Academy\Documents\GitHub\Sorter\Sorter2\Sorter2\Sorter2\Sorter2.cpp(231,13): warning C4244: аргумент: преобразование "const float" в "int", возможна потеря данных
C:\Users\Academy\Documents\GitHub\Sorter\Sorter2\Sorter2\Sorter2\Sorter2.cpp(243,49): warning C4244: аргумент: преобразование "double" в "int", возможна потеря данных
C:\Users\Academy\Documents\GitHub\Sorter\Sorter2\Sorter2\Sorter2\Sorter2.cpp(243,42): warning C4244: аргумент: преобразование "double" в "int", возможна потеря данных
C:\Users\Academy\Documents\GitHub\Sorter\Sorter2\Sorter2\Sorter2\Sorter2.cpp(244,44): warning C4244: аргумент: преобразование "double" в "int", возможна потеря данных
  Создание кода...
C:\Users\Academy\Documents\GitHub\Sorter\Sorter2\Sorter2\Sorter2\Box.h(43,1): warning C4715: Box::GetRandomType: значение возвращается не при всех путях выполнения
